2025-04-08 23:32:41.527883 - Received SBGOLOB.CBT509.FILE1057 from FILE1057.XMI 
2025-04-08 23:32:41.530620 - Found $$$#DATE.txt (text/plain) in SBGOLOB.CBT509.FILE1057, moved to PDS/$$$#DATE
2025-04-08 23:32:41.531257 - Found #INDEX.txt (text/plain) in SBGOLOB.CBT509.FILE1057, moved to PDS/#INDEX
2025-04-08 23:32:41.531945 - Found @@README.txt (text/plain) in SBGOLOB.CBT509.FILE1057, moved to PDS/@@README
2025-04-08 23:32:41.532607 - Found @FIL1057.txt (text/plain) in SBGOLOB.CBT509.FILE1057, moved to PDS/@FIL1057
2025-04-08 23:32:41.533232 - Found DFLTHLQ.rexx (text/plain) in SBGOLOB.CBT509.FILE1057, moved to PDS/DFLTHLQ
2025-04-08 23:32:41.533847 - Found DFLTTLIB.rexx (text/plain) in SBGOLOB.CBT509.FILE1057, moved to PDS/DFLTTLIB
2025-04-08 23:32:41.534430 - Found HURL.rexx (text/plain) in SBGOLOB.CBT509.FILE1057, moved to PDS/HURL
2025-04-08 23:32:41.535057 - Found ICEUSER.rexx (text/plain) in SBGOLOB.CBT509.FILE1057, moved to PDS/ICEUSER
2025-04-08 23:32:41.535673 - Found LA.rexx (text/plain) in SBGOLOB.CBT509.FILE1057, moved to PDS/LA
2025-04-08 23:32:41.536261 - Found LCLPRTRX.rexx (text/plain) in SBGOLOB.CBT509.FILE1057, moved to PDS/LCLPRTRX
2025-04-08 23:32:41.536913 - Found MEMBERS.rexx (text/plain) in SBGOLOB.CBT509.FILE1057, moved to PDS/MEMBERS
2025-04-08 23:32:41.537500 - Found PDSCOPY.rexx (text/plain) in SBGOLOB.CBT509.FILE1057, moved to PDS/PDSCOPY
2025-04-08 23:32:41.538167 - Found PDSCOPYD.rexx (text/plain) in SBGOLOB.CBT509.FILE1057, moved to PDS/PDSCOPYD
2025-04-08 23:32:41.538826 - Found PRINTDS.rexx (text/plain) in SBGOLOB.CBT509.FILE1057, moved to PDS/PRINTDS
2025-04-08 23:32:41.539405 - Found SHOWDDNM.rexx (text/plain) in SBGOLOB.CBT509.FILE1057, moved to PDS/SHOWDDNM
2025-04-08 23:32:41.540108 - Found SHOWMEM.rexx (text/plain) in SBGOLOB.CBT509.FILE1057, moved to PDS/SHOWMEM
2025-04-08 23:32:41.540701 - Found SHOWPARM.rexx (text/plain) in SBGOLOB.CBT509.FILE1057, moved to PDS/SHOWPARM
2025-04-08 23:32:41.541320 - Found SHOWTASK.rexx (text/plain) in SBGOLOB.CBT509.FILE1057, moved to PDS/SHOWTASK
2025-04-08 23:32:41.541983 - Found SMARCH.rexx (text/plain) in SBGOLOB.CBT509.FILE1057, moved to PDS/SMARCH
2025-04-08 23:32:41.542649 - Found SMENDV.rexx (text/plain) in SBGOLOB.CBT509.FILE1057, moved to PDS/SMENDV
2025-04-08 23:32:41.543289 - Found SMMAP.rexx (text/plain) in SBGOLOB.CBT509.FILE1057, moved to PDS/SMMAP
2025-04-08 23:32:41.543882 - Found SMNDM.rexx (text/plain) in SBGOLOB.CBT509.FILE1057, moved to PDS/SMNDM
2025-04-08 23:32:41.544467 - Found SMPKG.rexx (text/plain) in SBGOLOB.CBT509.FILE1057, moved to PDS/SMPKG
2025-04-08 23:32:41.545026 - Found SMPREF.rexx (text/plain) in SBGOLOB.CBT509.FILE1057, moved to PDS/SMPREF
2025-04-08 23:32:41.545665 - Found SMULOG.rexx (text/plain) in SBGOLOB.CBT509.FILE1057, moved to PDS/SMULOG
2025-04-08 23:32:41.546234 - Found TBLGEN.rexx (text/plain) in SBGOLOB.CBT509.FILE1057, moved to PDS/TBLGEN
2025-04-08 23:32:41.546814 - Found UPOE@$ST.rexx (text/plain) in SBGOLOB.CBT509.FILE1057, moved to PDS/UPOE@$ST
